<?xml version="1.0" encoding="UTF-8"?>
<!-- Generated by org.testng.reporters.JUnitReportReporter -->
<testsuite hostname="LAPTOP-7M51CS41" failures="0" tests="1" name="cucumber.TestNGTestRunner" time="10.735" errors="0" timestamp="2023-02-18T13:49:28 IST" skipped="0">
  <testcase classname="cucumber.TestNGTestRunner" name="runScenario" time="10.735"/>
  <system-out/>
</testsuite> <!-- cucumber.TestNGTestRunner -->
