<?xml version="1.0" encoding="UTF-8"?>
<!-- Generated by org.testng.reporters.JUnitReportReporter -->
<testsuite hostname="LAPTOP-7M51CS41" failures="0" tests="1" name="TestNG_Practice1.tests.ErrorValidations" time="10.863" errors="0" timestamp="2023-02-15T23:26:15 IST" skipped="0">
  <testcase classname="TestNG_Practice1.tests.ErrorValidations" name="submitOrder" time="10.863"/>
  <system-out/>
</testsuite> <!-- TestNG_Practice1.tests.ErrorValidations -->
